[13:08, april 24, 2005] [uid: 101] directory structure in zip file isn't flat
[13:08, april 24, 2005] [uid: 337] directory structure in zip file isn't flat
[13:08, april 24, 2005] [uid: 338] directory structure in zip file isn't flat
[13:25, april 24, 2005] [uid: 79] directory structure in zip file isn't flat
[13:25, april 24, 2005] [uid: 275] unzip failed unzipping /mnt/data/aditl2/photoroot/275/275.zip
[21:29, april 24, 2005] [uid: 39] directory structure in zip file isn't flat
[21:29, april 24, 2005] [uid: 216] directory structure in zip file isn't flat
[21:32, april 24, 2005] [uid: 220] directory structure in zip file isn't flat
[21:52, april 24, 2005] [uid: 237] directory structure in zip file isn't flat
[22:00, april 24, 2005] [uid: 108] directory structure in zip file isn't flat
[00:27, april 26, 2005] [uid: 199] directory structure in zip file isn't flat
[01:03, april 26, 2005] [uid: 240] unzip failed unzipping /mnt/data/aditl2/photoroot/240/240.zip
[01:03, april 26, 2005] [uid: 269] directory structure in zip file isn't flat
[21:06, april 26, 2005] [uid: 162] directory structure in zip file isn't flat
[21:06, april 26, 2005] [uid: 205] directory structure in zip file isn't flat
[21:08, april 26, 2005] [uid: 146] directory structure in zip file isn't flat
[18:06, april 28, 2005] [uid: 174] directory structure in zip file isn't flat
[09:59, april 29, 2005] [uid: 161] unzip failed unzipping /mnt/data/aditl2/photoroot/161/161.zip
[10:15, april 29, 2005] [uid: 257] directory structure in zip file isn't flat
[10:15, april 29, 2005] [uid: 198] directory structure in zip file isn't flat
[20:16, april 29, 2005] [uid: 248] directory structure in zip file isn't flat
[20:16, april 29, 2005] [uid: 193] directory structure in zip file isn't flat
[20:42, april 29, 2005] [uid: 90] unzip failed unzipping /mnt/data/aditl2/photoroot/90/90.zip
[02:42, may 1, 2005] [uid: 123] directory structure in zip file isn't flat
[02:47, may 1, 2005] [uid: 196] directory structure in zip file isn't flat
[02:47, may 1, 2005] [uid: 310] directory structure in zip file isn't flat
[02:47, may 1, 2005] [uid: 68] directory structure in zip file isn't flat
[20:55, may 2, 2005] [uid: 78] directory structure in zip file isn't flat
[20:55, may 2, 2005] [uid: 112] directory structure in zip file isn't flat
[20:59, may 2, 2005] [uid: 264] directory structure in zip file isn't flat
[01:19, may 4, 2005] [uid: 227] directory structure in zip file isn't flat
[00:24, may 10, 2005] [uid: 275] directory structure in zip file isn't flat
[20:29, may 27, 2005] [uid: 98] unzip failed unzipping /mnt/data/aditl2/photoroot/98/98.zip
[20:29, may 27, 2005] [uid: 56] directory structure in zip file isn't flat
[15:09, june 11, 2005] [uid: 252] directory structure in zip file isn't flat
[17:20, june 18, 2005] [uid: 90] failed to find raw zip file at /mnt/data/aditl2/rawUpload/90-kschrier@mit.edu-1114797197.zip
[17:20, june 18, 2005] [uid: 90] failed to find raw zip file at /mnt/data/aditl2/rawUpload/90-kschrier@mit.edu-1114797197.zip
[17:21, june 18, 2005] [uid: 90] failed to find raw zip file at /mnt/data/aditl2/rawUpload/90-kschrier@mit.edu-1114797197.zip
[17:24, june 18, 2005] [uid: 90] failed to find raw zip file at 90-kschrier@mit.edu-1114797154.zip
[17:24, june 18, 2005] [uid: 90] failed to find raw zip file at 90-kschrier@mit.edu-1114797154.zip
[17:25, june 18, 2005] [uid: 90] directory structure in zip file isn't flat
[03:09, august 29, 2009] [uid: 1] unzip failed unzipping /mnt/data/aditl2009/photoroot/1/1.zip
[03:14, august 29, 2009] [uid: 1] unzip failed unzipping /mnt/data/aditl2009/photoroot/1/1.zip
[03:15, august 29, 2009] [uid: 1] unzip failed unzipping /mnt/data/aditl2009/photoroot/1/1.zip
[17:46, august 29, 2009] [uid: 2] unzip failed unzipping /mnt/data/aditl2009/photoroot/2/2.zip
[17:48, august 29, 2009] [uid: ] failed to find raw zip file at 
[17:54, august 29, 2009] [uid: 2] directory structure in zip file isn't flat
[18:10, august 29, 2009] [uid: 2] unzip failed unzipping /mnt/data/aditl2009/photoroot/2/2.zip
[18:17, august 29, 2009] [uid: 2] unzip failed unzipping /mnt/data/aditl2009/photoroot/2/2.zip
