[01:48, april 22, 2005] thinker@mit.edu (40) successfully uploaded to /mnt/data/aditl2/rawUpload/40-thinker@mit.edu-1114148936.zip
[08:54, april 22, 2005] estherj@mit.edu (128) successfully uploaded to /mnt/data/aditl2/rawUpload/128-estherj@mit.edu-1114174453.zip
[12:30, april 23, 2005] reidw@alum.mit.edu (35) successfully uploaded to /mnt/data/aditl2/rawUpload/35-reidw@alum.mit.edu-1114273852.zip
[12:31, april 23, 2005] reidw@alum.mit.edu (35) successfully uploaded to /mnt/data/aditl2/rawUpload/35-reidw@alum.mit.edu-1114273914.zip
[12:50, april 23, 2005] reidw@alum.mit.edu (35) successfully uploaded to /mnt/data/aditl2/rawUpload/35-reidw@alum.mit.edu-1114275040.zip
[14:16, april 23, 2005] ppham@alum.mit.edu (334) successfully uploaded to /mnt/data/aditl2/rawUpload/334-ppham@alum.mit.edu-1114280178.zip
[14:43, april 23, 2005] reidw@alum.mit.edu (35) successfully uploaded to /mnt/data/aditl2/rawUpload/35-reidw@alum.mit.edu-1114281785.zip
[14:52, april 23, 2005] salongo@mit.edu (240) successfully uploaded to /mnt/data/aditl2/rawUpload/240-salongo@mit.edu-1114282354.zip
[15:16, april 23, 2005] awol@mit.edu (231) successfully uploaded to /mnt/data/aditl2/rawUpload/231-awol@mit.edu-1114283766.zip
[16:41, april 23, 2005] hurwitz@mit.edu (314) successfully uploaded to /mnt/data/aditl2/rawUpload/314-hurwitz@mit.edu-1114288907.zip
[17:36, april 23, 2005] suki@mit.edu (280) successfully uploaded to /mnt/data/aditl2/rawUpload/280-suki@mit.edu-1114292171.zip
[18:26, april 23, 2005] emkim@mit.edu (36) successfully uploaded to /mnt/data/aditl2/rawUpload/36-emkim@mit.edu-1114295199.zip
[18:43, april 23, 2005] woody06@mit.edu (223) successfully uploaded to /mnt/data/aditl2/rawUpload/223-woody06@mit.edu-1114296201.zip
[20:19, april 23, 2005] wrightc@mit.edu (335) successfully uploaded to /mnt/data/aditl2/rawUpload/335-wrightc@mit.edu-1114301961.zip
[21:30, april 23, 2005] jlmann@mit.edu (67) successfully uploaded to /mnt/data/aditl2/rawUpload/67-jlmann@mit.edu-1114306255.zip
[21:31, april 23, 2005] kevin08@mit.edu (76) successfully uploaded to /mnt/data/aditl2/rawUpload/76-kevin08@mit.edu-1114306307.zip
[21:35, april 23, 2005] cfry@mit.edu (276) successfully uploaded to /mnt/data/aditl2/rawUpload/276-cfry@mit.edu-1114306511.zip
[21:46, april 23, 2005] timothyc@alum.mit.edu (333) successfully uploaded to /mnt/data/aditl2/rawUpload/333-timothyc@alum.mit.edu-1114307187.zip
[21:53, april 23, 2005] jdascoli@mit.edu (122) successfully uploaded to /mnt/data/aditl2/rawUpload/122-jdascoli@mit.edu-1114307589.zip
[21:57, april 23, 2005] dtemp@mit.edu (325) successfully uploaded to /mnt/data/aditl2/rawUpload/325-dtemp@mit.edu-1114307861.zip
[22:04, april 23, 2005] dorothea@MIT.edu (82) successfully uploaded to /mnt/data/aditl2/rawUpload/82-dorothea@MIT.edu-1114308290.zip
[22:10, april 23, 2005] stephlee@mit.edu (332) successfully uploaded to /mnt/data/aditl2/rawUpload/332-stephlee@mit.edu-1114308606.zip
[22:20, april 23, 2005] haru@mit.edu (139) successfully uploaded to /mnt/data/aditl2/rawUpload/139-haru@mit.edu-1114309229.zip
[22:38, april 23, 2005] jsd@mit.edu (248) successfully uploaded to /mnt/data/aditl2/rawUpload/248-jsd@mit.edu-1114310283.zip
[23:13, april 23, 2005] alicetrx@mit.edu (164) successfully uploaded to /mnt/data/aditl2/rawUpload/164-alicetrx@mit.edu-1114312414.zip
[23:20, april 23, 2005] didi_lui@mit.edu (126) successfully uploaded to /mnt/data/aditl2/rawUpload/126-didi_lui@mit.edu-1114312826.zip
[23:25, april 23, 2005] jjeon@mit.edu (298) successfully uploaded to /mnt/data/aditl2/rawUpload/298-jjeon@mit.edu-1114313150.zip
[23:58, april 23, 2005] MikePark@MIT.Edu (254) successfully uploaded to /mnt/data/aditl2/rawUpload/254-MikePark@MIT.Edu-1114315122.zip
[00:16, april 24, 2005] nivair@mit.edu (99) successfully uploaded to /mnt/data/aditl2/rawUpload/99-nivair@mit.edu-1114316168.zip
[00:18, april 24, 2005] mlah@mit.edu (136) successfully uploaded to /mnt/data/aditl2/rawUpload/136-mlah@mit.edu-1114316320.zip
[00:20, april 24, 2005] amengual@mit.edu (144) successfully uploaded to /mnt/data/aditl2/rawUpload/144-amengual@mit.edu-1114316442.zip
[00:37, april 24, 2005] cgrassi@mit.edu (191) successfully uploaded to /mnt/data/aditl2/rawUpload/191-cgrassi@mit.edu-1114317478.zip
[00:45, april 24, 2005] katieg@mit.edu (206) successfully uploaded to /mnt/data/aditl2/rawUpload/206-katieg@mit.edu-1114317955.zip
[01:09, april 24, 2005] leut@mit.edu (132) successfully uploaded to /mnt/data/aditl2/rawUpload/132-leut@mit.edu-1114319389.zip
[01:32, april 24, 2005] huiying@mit.edu (245) successfully uploaded to /mnt/data/aditl2/rawUpload/245-huiying@mit.edu-1114320771.zip
[02:19, april 24, 2005] cposs@mit.edu (50) successfully uploaded to /mnt/data/aditl2/rawUpload/50-cposs@mit.edu-1114323545.zip
[04:04, april 24, 2005] ikarus_x@mit.edu (77) successfully uploaded to /mnt/data/aditl2/rawUpload/77-ikarus_x@mit.edu-1114329844.zip
[04:38, april 24, 2005] jamieliu@mit.edu (101) successfully uploaded to /mnt/data/aditl2/rawUpload/101-jamieliu@mit.edu-1114331902.zip
[05:10, april 24, 2005] vixen@mit.edu (337) successfully uploaded to /mnt/data/aditl2/rawUpload/337-vixen@mit.edu-1114333806.zip
[05:36, april 24, 2005] liangh@mit.edu (338) successfully uploaded to /mnt/data/aditl2/rawUpload/338-liangh@mit.edu-1114335365.zip
[05:47, april 24, 2005] liangh@mit.edu (338) successfully uploaded to /mnt/data/aditl2/rawUpload/338-liangh@mit.edu-1114336036.zip
[10:12, april 24, 2005] ducktape@mit.edu (182) successfully uploaded to /mnt/data/aditl2/rawUpload/182-ducktape@mit.edu-1114351925.zip
[11:55, april 24, 2005] martijn@mit.edu (75) successfully uploaded to /mnt/data/aditl2/rawUpload/75-martijn@mit.edu-1114358132.zip
[12:18, april 24, 2005] mstsai@mit.edu (275) successfully uploaded to /mnt/data/aditl2/rawUpload/275-mstsai@mit.edu-1114359507.zip
[12:25, april 24, 2005] wluu@mit.edu (141) successfully uploaded to /mnt/data/aditl2/rawUpload/141-wluu@mit.edu-1114359927.zip
[12:30, april 24, 2005] mstsai@mit.edu (275) successfully uploaded to /mnt/data/aditl2/rawUpload/275-mstsai@mit.edu-1114360202.zip
[12:41, april 24, 2005] ruiz@mit.edu (79) successfully uploaded to /mnt/data/aditl2/rawUpload/79-ruiz@mit.edu-1114360876.zip
[12:57, april 24, 2005] mstsai@mit.edu (275) successfully uploaded to /mnt/data/aditl2/rawUpload/275-mstsai@mit.edu-1114361847.zip
[13:01, april 24, 2005] mstsai@mit.edu (275) successfully uploaded to /mnt/data/aditl2/rawUpload/275-mstsai@mit.edu-1114362087.zip
[13:01, april 24, 2005] mstsai@mit.edu (275) successfully uploaded to /mnt/data/aditl2/rawUpload/275-mstsai@mit.edu-1114362112.zip
[13:04, april 24, 2005] mstsai@mit.edu (275) successfully uploaded to /mnt/data/aditl2/rawUpload/275-mstsai@mit.edu-1114362279.zip
[13:05, april 24, 2005] mstsai@mit.edu (275) successfully uploaded to /mnt/data/aditl2/rawUpload/275-mstsai@mit.edu-1114362303.zip
[13:05, april 24, 2005] xsdg@mit.edu (207) successfully uploaded to /mnt/data/aditl2/rawUpload/207-xsdg@mit.edu-1114362337.zip
[14:03, april 24, 2005] eddiehuo@mit.edu (39) successfully uploaded to /mnt/data/aditl2/rawUpload/39-eddiehuo@mit.edu-1114365821.zip
[14:13, april 24, 2005] powell@mit.edu (216) successfully uploaded to /mnt/data/aditl2/rawUpload/216-powell@mit.edu-1114366403.zip
[14:17, april 24, 2005] sbwilson@mit.edu (170) successfully uploaded to /mnt/data/aditl2/rawUpload/170-sbwilson@mit.edu-1114366651.zip
[15:27, april 24, 2005] achen@mtl.mit.edu (220) successfully uploaded to /mnt/data/aditl2/rawUpload/220-achen@mtl.mit.edu-1114370865.zip
[16:15, april 24, 2005] jeffchang@mit.edu (289) successfully uploaded to /mnt/data/aditl2/rawUpload/289-jeffchang@mit.edu-1114373722.zip
[16:38, april 24, 2005] martini@alum.mit.edu (219) successfully uploaded to /mnt/data/aditl2/rawUpload/219-martini@alum.mit.edu-1114375122.zip
[16:43, april 24, 2005] cjao@mit.edu (237) successfully uploaded to /mnt/data/aditl2/rawUpload/237-cjao@mit.edu-1114375405.zip
[18:06, april 24, 2005] tom@mit.edu (63) successfully uploaded to /mnt/data/aditl2/rawUpload/63-tom@mit.edu-1114380372.zip
[18:22, april 24, 2005] wmatthew@mit.edu (152) successfully uploaded to /mnt/data/aditl2/rawUpload/152-wmatthew@mit.edu-1114381338.zip
[19:26, april 24, 2005] jinhock@mit.edu (108) successfully uploaded to /mnt/data/aditl2/rawUpload/108-jinhock@mit.edu-1114385164.zip
[20:26, april 24, 2005] wdaher@mit.edu (47) successfully uploaded to /mnt/data/aditl2/rawUpload/47-wdaher@mit.edu-1114388791.zip
[20:57, april 24, 2005] milo@mit.edu (267) successfully uploaded to /mnt/data/aditl2/rawUpload/267-milo@mit.edu-1114390674.zip
[21:16, april 24, 2005] milo@mit.edu (267) successfully uploaded to /mnt/data/aditl2/rawUpload/267-milo@mit.edu-1114391775.zip
[21:54, april 24, 2005] jlai321@mit.edu (208) successfully uploaded to /mnt/data/aditl2/rawUpload/208-jlai321@mit.edu-1114394058.zip
[21:56, april 24, 2005] elb@mit.edu (222) successfully uploaded to /mnt/data/aditl2/rawUpload/222-elb@mit.edu-1114394179.zip
[00:24, april 25, 2005] nychen@mit.edu (212) successfully uploaded to /mnt/data/aditl2/rawUpload/212-nychen@mit.edu-1114403091.zip
[00:45, april 25, 2005] pgbovine@mit.edu (303) successfully uploaded to /mnt/data/aditl2/rawUpload/303-pgbovine@mit.edu-1114404339.zip
[01:37, april 25, 2005] salongo@mit.edu (240) successfully uploaded to /mnt/data/aditl2/rawUpload/240-salongo@mit.edu-1114407432.zip
[02:08, april 25, 2005] ereid@mit.edu (269) successfully uploaded to /mnt/data/aditl2/rawUpload/269-ereid@mit.edu-1114409307.zip
[10:20, april 25, 2005] jamesp@mit.edu (199) successfully uploaded to /mnt/data/aditl2/rawUpload/199-jamesp@mit.edu-1114438802.zip
[12:29, april 25, 2005] cjoye@mit.edu (224) successfully uploaded to /mnt/data/aditl2/rawUpload/224-cjoye@mit.edu-1114446580.zip
[16:29, april 25, 2005] anaghad@mit.edu (91) successfully uploaded to /mnt/data/aditl2/rawUpload/91-anaghad@mit.edu-1114460986.zip
[17:03, april 25, 2005] yeem@mit.edu (172) successfully uploaded to /mnt/data/aditl2/rawUpload/172-yeem@mit.edu-1114463009.zip
[17:31, april 25, 2005] monicaru@mit.edu (308) successfully uploaded to /mnt/data/aditl2/rawUpload/308-monicaru@mit.edu-1114464702.zip
[17:58, april 25, 2005] nagaj@mit.edu (235) successfully uploaded to /mnt/data/aditl2/rawUpload/235-nagaj@mit.edu-1114466308.zip
[18:43, april 25, 2005] monicaru@mit.edu (308) successfully uploaded to /mnt/data/aditl2/rawUpload/308-monicaru@mit.edu-1114469033.zip
[11:56, april 26, 2005] vfan@mit.edu (162) successfully uploaded to /mnt/data/aditl2/rawUpload/162-vfan@mit.edu-1114530962.zip
[12:00, april 26, 2005] vfan@mit.edu (162) successfully uploaded to /mnt/data/aditl2/rawUpload/162-vfan@mit.edu-1114531250.zip
[12:17, april 26, 2005] abahr@mit.edu (159) successfully uploaded to /mnt/data/aditl2/rawUpload/159-abahr@mit.edu-1114532274.zip
[13:39, april 26, 2005] mcbyrne@mit.edu (146) successfully uploaded to /mnt/data/aditl2/rawUpload/146-mcbyrne@mit.edu-1114537194.zip
[16:55, april 26, 2005] shchang@mit.edu (205) successfully uploaded to /mnt/data/aditl2/rawUpload/205-shchang@mit.edu-1114548917.zip
[18:39, april 26, 2005] jrodgers@mit.edu (53) successfully uploaded to /mnt/data/aditl2/rawUpload/53-jrodgers@mit.edu-1114555176.zip
[18:40, april 26, 2005] markp@mit.edu (97) successfully uploaded to /mnt/data/aditl2/rawUpload/97-markp@mit.edu-1114555240.zip
[21:26, april 26, 2005] wonga1@mit.edu (124) successfully uploaded to /mnt/data/aditl2/rawUpload/124-wonga1@mit.edu-1114565197.zip
[22:36, april 26, 2005] andis@mit.edu (242) successfully uploaded to /mnt/data/aditl2/rawUpload/242-andis@mit.edu-1114569360.zip
[23:49, april 26, 2005] havasi@mit.edu (186) successfully uploaded to /mnt/data/aditl2/rawUpload/186-havasi@mit.edu-1114573770.zip
[23:57, april 26, 2005] sslee@mit.edu (306) successfully uploaded to /mnt/data/aditl2/rawUpload/306-sslee@mit.edu-1114574221.zip
[23:59, april 26, 2005] klesch@mit.edu (193) successfully uploaded to /mnt/data/aditl2/rawUpload/193-klesch@mit.edu-1114574359.zip
[00:10, april 27, 2005] shuvo@mit.edu (285) successfully uploaded to /mnt/data/aditl2/rawUpload/285-shuvo@mit.edu-1114575038.zip
[22:20, april 27, 2005] jaz300@mit.edu (174) successfully uploaded to /mnt/data/aditl2/rawUpload/174-jaz300@mit.edu-1114654801.zip
[00:22, april 28, 2005] birge@mit.edu (278) successfully uploaded to /mnt/data/aditl2/rawUpload/278-birge@mit.edu-1114662150.zip
[00:30, april 28, 2005] jessicay@mit.edu (311) successfully uploaded to /mnt/data/aditl2/rawUpload/311-jessicay@mit.edu-1114662644.zip
[00:58, april 28, 2005] jessicay@mit.edu (311) successfully uploaded to /mnt/data/aditl2/rawUpload/311-jessicay@mit.edu-1114664318.zip
[09:37, april 28, 2005] cjeon@mit.edu (157) successfully uploaded to /mnt/data/aditl2/rawUpload/157-cjeon@mit.edu-1114695454.zip
[15:14, april 28, 2005] ariellet@mit.edu (313) successfully uploaded to /mnt/data/aditl2/rawUpload/313-ariellet@mit.edu-1114715691.zip
[17:24, april 28, 2005] ehren@alum.mit.edu (339) successfully uploaded to /mnt/data/aditl2/rawUpload/339-ehren@alum.mit.edu-1114723485.zip
[18:15, april 28, 2005] jess1985@mit.edu (121) successfully uploaded to /mnt/data/aditl2/rawUpload/121-jess1985@mit.edu-1114726540.zip
[18:18, april 28, 2005] marylee@mit.edu (257) successfully uploaded to /mnt/data/aditl2/rawUpload/257-marylee@mit.edu-1114726713.zip
[23:21, april 28, 2005] ferranti@mit.edu (129) successfully uploaded to /mnt/data/aditl2/rawUpload/129-ferranti@mit.edu-1114744918.zip
[00:33, april 29, 2005] sineadho@mit.edu (327) successfully uploaded to /mnt/data/aditl2/rawUpload/327-sineadho@mit.edu-1114749221.zip
[00:43, april 29, 2005] mitral@mit.edu (198) successfully uploaded to /mnt/data/aditl2/rawUpload/198-mitral@mit.edu-1114749787.zip
[01:40, april 29, 2005] jsd@mit.edu (248) successfully uploaded to /mnt/data/aditl2/rawUpload/248-jsd@mit.edu-1114753214.zip
[01:47, april 29, 2005] jenmitch@mit.edu (192) successfully uploaded to /mnt/data/aditl2/rawUpload/192-jenmitch@mit.edu-1114753620.zip
[01:58, april 29, 2005] aston@mit.edu (61) successfully uploaded to /mnt/data/aditl2/rawUpload/61-aston@mit.edu-1114754289.zip
[02:03, april 29, 2005] klesch@mit.edu (193) successfully uploaded to /mnt/data/aditl2/rawUpload/193-klesch@mit.edu-1114754635.zip
[03:39, april 29, 2005] vyorgan@mit.edu (181) successfully uploaded to /mnt/data/aditl2/rawUpload/181-vyorgan@mit.edu-1114760380.zip
[06:42, april 29, 2005] finana@mit.edu (161) successfully uploaded to /mnt/data/aditl2/rawUpload/161-finana@mit.edu-1114771327.zip
[06:43, april 29, 2005] finana@mit.edu (161) successfully uploaded to /mnt/data/aditl2/rawUpload/161-finana@mit.edu-1114771380.zip
[06:43, april 29, 2005] finana@mit.edu (161) successfully uploaded to /mnt/data/aditl2/rawUpload/161-finana@mit.edu-1114771423.zip
[09:46, april 29, 2005] jins@mit.edu (42) successfully uploaded to /mnt/data/aditl2/rawUpload/42-jins@mit.edu-1114782405.zip
[12:17, april 29, 2005] rwest@mit.edu (331) successfully uploaded to /mnt/data/aditl2/rawUpload/331-rwest@mit.edu-1114791478.zip
[13:26, april 29, 2005] yangr@mit.edu (233) successfully uploaded to /mnt/data/aditl2/rawUpload/233-yangr@mit.edu-1114795564.zip
[13:52, april 29, 2005] kschrier@mit.edu (90) successfully uploaded to /mnt/data/aditl2/rawUpload/90-kschrier@mit.edu-1114797154.zip
[13:53, april 29, 2005] kschrier@mit.edu (90) successfully uploaded to /mnt/data/aditl2/rawUpload/90-kschrier@mit.edu-1114797197.zip
[16:23, april 29, 2005] atul@sloan.mit.edu (288) successfully uploaded to /mnt/data/aditl2/rawUpload/288-atul@sloan.mit.edu-1114806203.zip
[00:10, april 30, 2005] arielb@mit.edu (57) successfully uploaded to /mnt/data/aditl2/rawUpload/57-arielb@mit.edu-1114834240.zip
[00:15, april 30, 2005] jalee@mit.edu (70) successfully uploaded to /mnt/data/aditl2/rawUpload/70-jalee@mit.edu-1114834505.zip
[00:35, april 30, 2005] rktakata@mit.edu (250) successfully uploaded to /mnt/data/aditl2/rawUpload/250-rktakata@mit.edu-1114835723.zip
[01:56, april 30, 2005] jacque@alum.mit.edu (196) successfully uploaded to /mnt/data/aditl2/rawUpload/196-jacque@alum.mit.edu-1114840618.zip
[04:12, april 30, 2005] mkpennbo@mit.edu (123) successfully uploaded to /mnt/data/aditl2/rawUpload/123-mkpennbo@mit.edu-1114848720.zip
[10:36, april 30, 2005] dhwang@mit.edu (310) successfully uploaded to /mnt/data/aditl2/rawUpload/310-dhwang@mit.edu-1114871788.zip
[12:45, april 30, 2005] whw@mit.edu (203) successfully uploaded to /mnt/data/aditl2/rawUpload/203-whw@mit.edu-1114879537.zip
[13:48, april 30, 2005] ajp@mit.edu (322) successfully uploaded to /mnt/data/aditl2/rawUpload/322-ajp@mit.edu-1114883291.zip
[16:15, april 30, 2005] akerner@mit.edu (68) successfully uploaded to /mnt/data/aditl2/rawUpload/68-akerner@mit.edu-1114892109.zip
[21:32, april 30, 2005] mkward@mit.edu (168) successfully uploaded to /mnt/data/aditl2/rawUpload/168-mkward@mit.edu-1114911172.zip
[12:30, may 1, 2005] wkuhlman@mit.edu (78) successfully uploaded to /mnt/data/aditl2/rawUpload/78-wkuhlman@mit.edu-1114965021.zip
[20:42, may 1, 2005] shawdee@mit.edu (264) successfully uploaded to /mnt/data/aditl2/rawUpload/264-shawdee@mit.edu-1114994566.zip
[23:26, may 1, 2005] dillard@mit.edu (56) successfully uploaded to /mnt/data/aditl2/rawUpload/56-dillard@mit.edu-1115004367.zip
[23:57, may 1, 2005] connok@mit.edu (112) successfully uploaded to /mnt/data/aditl2/rawUpload/112-connok@mit.edu-1115006278.zip
[00:40, may 2, 2005] david733@mit.edu (318) successfully uploaded to /mnt/data/aditl2/rawUpload/318-david733@mit.edu-1115008833.zip
[04:50, may 2, 2005] chosetec@mit.edu (324) successfully uploaded to /mnt/data/aditl2/rawUpload/324-chosetec@mit.edu-1115023827.zip
[06:57, may 2, 2005] aristeia@mit.edu (293) successfully uploaded to /mnt/data/aditl2/rawUpload/293-aristeia@mit.edu-1115031421.zip
[00:32, may 3, 2005] theresae@mit.edu (227) successfully uploaded to /mnt/data/aditl2/rawUpload/227-theresae@mit.edu-1115094755.zip
[01:34, may 3, 2005] graceyk@mit.edu (317) successfully uploaded to /mnt/data/aditl2/rawUpload/317-graceyk@mit.edu-1115098441.zip
[01:48, may 3, 2005] chiaywu@mit.edu (272) successfully uploaded to /mnt/data/aditl2/rawUpload/272-chiaywu@mit.edu-1115099322.zip
[05:07, may 3, 2005] petron@mit.edu (185) successfully uploaded to /mnt/data/aditl2/rawUpload/185-petron@mit.edu-1115111238.zip
[05:09, may 3, 2005] manus@mit.edu (252) successfully uploaded to /mnt/data/aditl2/rawUpload/252-manus@mit.edu-1115111366.zip
[17:43, may 3, 2005] issel@mit.edu (341) successfully uploaded to /mnt/data/aditl2/rawUpload/341-issel@mit.edu-1115156622.zip
[09:28, may 4, 2005] furness@mit.edu (328) successfully uploaded to /mnt/data/aditl2/rawUpload/328-furness@mit.edu-1115213291.zip
[11:52, may 4, 2005] lcham@mit.edu (94) successfully uploaded to /mnt/data/aditl2/rawUpload/94-lcham@mit.edu-1115221948.zip
[19:38, may 5, 2005] kbeth@mit.edu (55) successfully uploaded to /mnt/data/aditl2/rawUpload/55-kbeth@mit.edu-1115336290.zip
[20:36, may 5, 2005] kbeth@mit.edu (55) successfully uploaded to /mnt/data/aditl2/rawUpload/55-kbeth@mit.edu-1115339787.zip
[13:17, may 8, 2005] mstsai@mit.edu (275) successfully uploaded to /mnt/data/aditl2/rawUpload/275-mstsai@mit.edu-1115572678.zip
[19:53, may 10, 2005] jessrhee@mit.edu (98) successfully uploaded to /mnt/data/aditl2/rawUpload/98-jessrhee@mit.edu-1115769189.zip
[19:53, may 10, 2005] jessrhee@mit.edu (98) successfully uploaded to /mnt/data/aditl2/rawUpload/98-jessrhee@mit.edu-1115769198.zip
[19:53, may 10, 2005] jessrhee@mit.edu (98) successfully uploaded to /mnt/data/aditl2/rawUpload/98-jessrhee@mit.edu-1115769217.zip
[19:53, may 10, 2005] jessrhee@mit.edu (98) successfully uploaded to /mnt/data/aditl2/rawUpload/98-jessrhee@mit.edu-1115769229.zip
[19:54, may 10, 2005] jessrhee@mit.edu (98) successfully uploaded to /mnt/data/aditl2/rawUpload/98-jessrhee@mit.edu-1115769247.zip
[19:54, may 10, 2005] jessrhee@mit.edu (98) successfully uploaded to /mnt/data/aditl2/rawUpload/98-jessrhee@mit.edu-1115769261.zip
[19:54, may 10, 2005] jessrhee@mit.edu (98) successfully uploaded to /mnt/data/aditl2/rawUpload/98-jessrhee@mit.edu-1115769272.zip
[19:54, may 10, 2005] jessrhee@mit.edu (98) successfully uploaded to /mnt/data/aditl2/rawUpload/98-jessrhee@mit.edu-1115769283.zip
[19:54, may 10, 2005] jessrhee@mit.edu (98) successfully uploaded to /mnt/data/aditl2/rawUpload/98-jessrhee@mit.edu-1115769296.zip
[12:27, may 16, 2005] zharina@mit.edu (296) successfully uploaded to /mnt/data/aditl2/rawUpload/296-zharina@mit.edu-1116260873.zip
[19:14, may 18, 2005] mrburns@mit.edu (271) successfully uploaded to /mnt/data/aditl2/rawUpload/271-mrburns@mit.edu-1116458058.zip
[19:36, may 18, 2005] mrburns@mit.edu (271) successfully uploaded to /mnt/data/aditl2/rawUpload/271-mrburns@mit.edu-1116459378.zip
[15:07, june 1, 2005] manus@mit.edu (252) successfully uploaded to /mnt/data/aditl2/rawUpload/252-manus@mit.edu-1117652822.zip
